[2018-12-07 12:58:02.483] [exthost1] [info] extension host started
[2018-12-07 12:58:02.999] [exthost1] [info] extension host started
[2018-12-07 12:58:03.026] [exthost1] [info] ExtensionService#_doActivateExtension vscode.debug-auto-launch {"startup":true,"activationEvent":"*"}
[2018-12-07 12:58:03.026] [exthost1] [info] ExtensionService#loadCommonJSModule c:\Users\Bethel_laptop\.codemix\engine\resources\app\extensions\debug-auto-launch\out\extension
[2018-12-07 12:58:03.038] [exthost1] [info] ExtensionService#_doActivateExtension vscode.emmet {"startup":true,"activationEvent":"*"}
[2018-12-07 12:58:03.038] [exthost1] [info] ExtensionService#loadCommonJSModule c:\Users\Bethel_laptop\.codemix\engine\resources\app\extensions\emmet\dist\extension
[2018-12-07 12:58:03.111] [exthost1] [info] ExtensionService#_doActivateExtension vscode.merge-conflict {"startup":true,"activationEvent":"*"}
[2018-12-07 12:58:03.111] [exthost1] [info] ExtensionService#loadCommonJSModule c:\Users\Bethel_laptop\.codemix\engine\resources\app\extensions\merge-conflict\out\extension
[2018-12-07 12:58:03.165] [exthost1] [info] ExtensionService#_doActivateExtension vscode.search-rg {"startup":true,"activationEvent":"*"}
[2018-12-07 12:58:03.165] [exthost1] [info] ExtensionService#loadCommonJSModule c:\Users\Bethel_laptop\.codemix\engine\resources\app\extensions\search-rg\out\extension
[2018-12-07 12:58:03.184] [exthost1] [info] ExtensionService#_doActivateExtension christian-kohler.path-intellisense {"startup":true,"activationEvent":"*"}
[2018-12-07 12:58:03.184] [exthost1] [info] ExtensionService#loadCommonJSModule C:\Users\Bethel_laptop\.codemix\extensions\christian-kohler.path-intellisense-1.4.2\out\src\extension
[2018-12-07 12:58:03.213] [exthost1] [info] ExtensionService#_doActivateExtension dbaeumer.vscode-eslint {"startup":true,"activationEvent":"*"}
[2018-12-07 12:58:03.213] [exthost1] [info] ExtensionService#loadCommonJSModule C:\Users\Bethel_laptop\.codemix\extensions\dbaeumer.vscode-eslint-1.4.10\client\out\extension
[2018-12-07 12:58:03.326] [exthost1] [info] ExtensionService#_doActivateExtension formulahendry.auto-close-tag {"startup":true,"activationEvent":"*"}
[2018-12-07 12:58:03.326] [exthost1] [info] ExtensionService#loadCommonJSModule C:\Users\Bethel_laptop\.codemix\extensions\formulahendry.auto-close-tag-0.5.6\out\src\extension
[2018-12-07 12:58:03.328] [exthost1] [info] ExtensionService#_doActivateExtension HookyQR.beautify {"startup":true,"activationEvent":"*"}
[2018-12-07 12:58:03.328] [exthost1] [info] ExtensionService#loadCommonJSModule C:\Users\Bethel_laptop\.codemix\extensions\hookyqr.beautify-1.3.0\extension
[2018-12-07 12:58:03.404] [exthost1] [info] eager extensions activated
[2018-12-07 12:58:03.404] [exthost1] [info] ExtensionService#_doActivateExtension vscode.configuration-editing {"startup":false,"activationEvent":"onLanguage:jsonc"}
[2018-12-07 12:58:03.404] [exthost1] [info] ExtensionService#loadCommonJSModule c:\Users\Bethel_laptop\.codemix\engine\resources\app\extensions\configuration-editing\out\extension
[2018-12-07 12:58:03.434] [exthost1] [info] ExtensionService#_doActivateExtension vscode.json-language-features {"startup":false,"activationEvent":"onLanguage:jsonc"}
[2018-12-07 12:58:03.434] [exthost1] [info] ExtensionService#loadCommonJSModule c:\Users\Bethel_laptop\.codemix\engine\resources\app\extensions\json-language-features\client\dist\jsonMain
[2018-12-07 12:58:03.836] [exthost1] [info] ExtensionService#_doActivateExtension vscode.typescript-language-features {"startup":false,"activationEvent":"onLanguage:jsonc"}
[2018-12-07 12:58:03.836] [exthost1] [info] ExtensionService#loadCommonJSModule c:\Users\Bethel_laptop\.codemix\engine\resources\app\extensions\typescript-language-features\dist\extension
[2018-12-07 12:58:04.429] [exthost1] [info] ExtensionService#_doActivateExtension vscode.grunt {"startup":false,"activationEvent":"onCommand:workbench.action.tasks.runTask"}
[2018-12-07 12:58:04.429] [exthost1] [info] ExtensionService#loadCommonJSModule c:\Users\Bethel_laptop\.codemix\engine\resources\app\extensions\grunt\out\main
[2018-12-07 12:58:04.438] [exthost1] [info] ExtensionService#_doActivateExtension vscode.gulp {"startup":false,"activationEvent":"onCommand:workbench.action.tasks.runTask"}
[2018-12-07 12:58:04.438] [exthost1] [info] ExtensionService#loadCommonJSModule c:\Users\Bethel_laptop\.codemix\engine\resources\app\extensions\gulp\out\main
[2018-12-07 12:58:04.451] [exthost1] [info] ExtensionService#_doActivateExtension vscode.jake {"startup":false,"activationEvent":"onCommand:workbench.action.tasks.runTask"}
[2018-12-07 12:58:04.451] [exthost1] [info] ExtensionService#loadCommonJSModule c:\Users\Bethel_laptop\.codemix\engine\resources\app\extensions\jake\out\main
[2018-12-07 12:58:04.465] [exthost1] [info] ExtensionService#_doActivateExtension vscode.npm {"startup":false,"activationEvent":"onCommand:workbench.action.tasks.runTask"}
[2018-12-07 12:58:04.465] [exthost1] [info] ExtensionService#loadCommonJSModule c:\Users\Bethel_laptop\.codemix\engine\resources\app\extensions\npm\out\main
[2018-12-07 13:48:22.397] [exthost1] [info] extension host started
[2018-12-07 13:48:22.422] [exthost1] [info] ExtensionService#_doActivateExtension vscode.debug-auto-launch {"startup":true,"activationEvent":"*"}
[2018-12-07 13:48:22.422] [exthost1] [info] ExtensionService#loadCommonJSModule c:\Users\Bethel_laptop\.codemix\engine\resources\app\extensions\debug-auto-launch\out\extension
[2018-12-07 13:48:22.432] [exthost1] [info] ExtensionService#_doActivateExtension vscode.emmet {"startup":true,"activationEvent":"*"}
[2018-12-07 13:48:22.432] [exthost1] [info] ExtensionService#loadCommonJSModule c:\Users\Bethel_laptop\.codemix\engine\resources\app\extensions\emmet\dist\extension
[2018-12-07 13:48:22.470] [exthost1] [info] ExtensionService#_doActivateExtension vscode.merge-conflict {"startup":true,"activationEvent":"*"}
[2018-12-07 13:48:22.470] [exthost1] [info] ExtensionService#loadCommonJSModule c:\Users\Bethel_laptop\.codemix\engine\resources\app\extensions\merge-conflict\out\extension
[2018-12-07 13:48:22.495] [exthost1] [info] ExtensionService#_doActivateExtension vscode.search-rg {"startup":true,"activationEvent":"*"}
[2018-12-07 13:48:22.495] [exthost1] [info] ExtensionService#loadCommonJSModule c:\Users\Bethel_laptop\.codemix\engine\resources\app\extensions\search-rg\out\extension
[2018-12-07 13:48:22.506] [exthost1] [info] ExtensionService#_doActivateExtension christian-kohler.path-intellisense {"startup":true,"activationEvent":"*"}
[2018-12-07 13:48:22.506] [exthost1] [info] ExtensionService#loadCommonJSModule C:\Users\Bethel_laptop\.codemix\extensions\christian-kohler.path-intellisense-1.4.2\out\src\extension
[2018-12-07 13:48:22.527] [exthost1] [info] ExtensionService#_doActivateExtension dbaeumer.vscode-eslint {"startup":true,"activationEvent":"*"}
[2018-12-07 13:48:22.527] [exthost1] [info] ExtensionService#loadCommonJSModule C:\Users\Bethel_laptop\.codemix\extensions\dbaeumer.vscode-eslint-1.4.10\client\out\extension
[2018-12-07 13:48:22.608] [exthost1] [info] ExtensionService#_doActivateExtension formulahendry.auto-close-tag {"startup":true,"activationEvent":"*"}
[2018-12-07 13:48:22.608] [exthost1] [info] ExtensionService#loadCommonJSModule C:\Users\Bethel_laptop\.codemix\extensions\formulahendry.auto-close-tag-0.5.6\out\src\extension
[2018-12-07 13:48:22.610] [exthost1] [info] ExtensionService#_doActivateExtension HookyQR.beautify {"startup":true,"activationEvent":"*"}
[2018-12-07 13:48:22.610] [exthost1] [info] ExtensionService#loadCommonJSModule C:\Users\Bethel_laptop\.codemix\extensions\hookyqr.beautify-1.3.0\extension
[2018-12-07 13:48:22.661] [exthost1] [info] eager extensions activated
[2018-12-07 13:48:22.661] [exthost1] [info] ExtensionService#_doActivateExtension vscode.configuration-editing {"startup":false,"activationEvent":"onLanguage:jsonc"}
[2018-12-07 13:48:22.661] [exthost1] [info] ExtensionService#loadCommonJSModule c:\Users\Bethel_laptop\.codemix\engine\resources\app\extensions\configuration-editing\out\extension
[2018-12-07 13:48:22.679] [exthost1] [info] ExtensionService#_doActivateExtension vscode.json-language-features {"startup":false,"activationEvent":"onLanguage:jsonc"}
[2018-12-07 13:48:22.679] [exthost1] [info] ExtensionService#loadCommonJSModule c:\Users\Bethel_laptop\.codemix\engine\resources\app\extensions\json-language-features\client\dist\jsonMain
[2018-12-07 13:48:22.824] [exthost1] [info] ExtensionService#_doActivateExtension vscode.typescript-language-features {"startup":false,"activationEvent":"onLanguage:jsonc"}
[2018-12-07 13:48:22.824] [exthost1] [info] ExtensionService#loadCommonJSModule c:\Users\Bethel_laptop\.codemix\engine\resources\app\extensions\typescript-language-features\dist\extension
[2018-12-07 13:48:22.958] [exthost1] [info] ExtensionService#_doActivateExtension vscode.grunt {"startup":false,"activationEvent":"onCommand:workbench.action.tasks.runTask"}
[2018-12-07 13:48:22.958] [exthost1] [info] ExtensionService#loadCommonJSModule c:\Users\Bethel_laptop\.codemix\engine\resources\app\extensions\grunt\out\main
[2018-12-07 13:48:22.970] [exthost1] [info] ExtensionService#_doActivateExtension vscode.gulp {"startup":false,"activationEvent":"onCommand:workbench.action.tasks.runTask"}
[2018-12-07 13:48:22.970] [exthost1] [info] ExtensionService#loadCommonJSModule c:\Users\Bethel_laptop\.codemix\engine\resources\app\extensions\gulp\out\main
[2018-12-07 13:48:22.977] [exthost1] [info] ExtensionService#_doActivateExtension vscode.jake {"startup":false,"activationEvent":"onCommand:workbench.action.tasks.runTask"}
[2018-12-07 13:48:22.977] [exthost1] [info] ExtensionService#loadCommonJSModule c:\Users\Bethel_laptop\.codemix\engine\resources\app\extensions\jake\out\main
[2018-12-07 13:48:22.986] [exthost1] [info] ExtensionService#_doActivateExtension vscode.npm {"startup":false,"activationEvent":"onCommand:workbench.action.tasks.runTask"}
[2018-12-07 13:48:22.986] [exthost1] [info] ExtensionService#loadCommonJSModule c:\Users\Bethel_laptop\.codemix\engine\resources\app\extensions\npm\out\main
