[2018-12-03 16:16:20.081] [exthost1] [info] extension host started
[2018-12-03 16:16:21.474] [exthost1] [info] extension host started
[2018-12-03 16:16:21.584] [exthost1] [info] ExtensionService#_doActivateExtension vscode.debug-auto-launch {"startup":true,"activationEvent":"*"}
[2018-12-03 16:16:21.584] [exthost1] [info] ExtensionService#loadCommonJSModule c:\Users\Bethel_laptop\.codemix\engine\resources\app\extensions\debug-auto-launch\out\extension
[2018-12-03 16:16:21.634] [exthost1] [info] ExtensionService#_doActivateExtension vscode.emmet {"startup":true,"activationEvent":"*"}
[2018-12-03 16:16:21.634] [exthost1] [info] ExtensionService#loadCommonJSModule c:\Users\Bethel_laptop\.codemix\engine\resources\app\extensions\emmet\dist\extension
[2018-12-03 16:16:21.802] [exthost1] [info] ExtensionService#_doActivateExtension vscode.merge-conflict {"startup":true,"activationEvent":"*"}
[2018-12-03 16:16:21.802] [exthost1] [info] ExtensionService#loadCommonJSModule c:\Users\Bethel_laptop\.codemix\engine\resources\app\extensions\merge-conflict\out\extension
[2018-12-03 16:16:21.879] [exthost1] [info] ExtensionService#_doActivateExtension vscode.search-rg {"startup":true,"activationEvent":"*"}
[2018-12-03 16:16:21.879] [exthost1] [info] ExtensionService#loadCommonJSModule c:\Users\Bethel_laptop\.codemix\engine\resources\app\extensions\search-rg\out\extension
[2018-12-03 16:16:21.903] [exthost1] [info] ExtensionService#_doActivateExtension christian-kohler.path-intellisense {"startup":true,"activationEvent":"*"}
[2018-12-03 16:16:21.903] [exthost1] [info] ExtensionService#loadCommonJSModule C:\Users\Bethel_laptop\.codemix\extensions\christian-kohler.path-intellisense-1.4.2\out\src\extension
[2018-12-03 16:16:22.011] [exthost1] [info] ExtensionService#_doActivateExtension dbaeumer.vscode-eslint {"startup":true,"activationEvent":"*"}
[2018-12-03 16:16:22.011] [exthost1] [info] ExtensionService#loadCommonJSModule C:\Users\Bethel_laptop\.codemix\extensions\dbaeumer.vscode-eslint-1.4.10\client\out\extension
[2018-12-03 16:16:22.314] [exthost1] [info] ExtensionService#_doActivateExtension formulahendry.auto-close-tag {"startup":true,"activationEvent":"*"}
[2018-12-03 16:16:22.314] [exthost1] [info] ExtensionService#loadCommonJSModule C:\Users\Bethel_laptop\.codemix\extensions\formulahendry.auto-close-tag-0.5.6\out\src\extension
[2018-12-03 16:16:22.317] [exthost1] [info] ExtensionService#_doActivateExtension HookyQR.beautify {"startup":true,"activationEvent":"*"}
[2018-12-03 16:16:22.317] [exthost1] [info] ExtensionService#loadCommonJSModule C:\Users\Bethel_laptop\.codemix\extensions\hookyqr.beautify-1.3.0\extension
[2018-12-03 16:16:22.520] [exthost1] [info] eager extensions activated
[2018-12-03 16:16:22.520] [exthost1] [info] ExtensionService#_doActivateExtension vscode.configuration-editing {"startup":false,"activationEvent":"onLanguage:jsonc"}
[2018-12-03 16:16:22.520] [exthost1] [info] ExtensionService#loadCommonJSModule c:\Users\Bethel_laptop\.codemix\engine\resources\app\extensions\configuration-editing\out\extension
[2018-12-03 16:16:22.595] [exthost1] [info] ExtensionService#_doActivateExtension vscode.json-language-features {"startup":false,"activationEvent":"onLanguage:jsonc"}
[2018-12-03 16:16:22.595] [exthost1] [info] ExtensionService#loadCommonJSModule c:\Users\Bethel_laptop\.codemix\engine\resources\app\extensions\json-language-features\client\dist\jsonMain
[2018-12-03 16:16:23.078] [exthost1] [info] ExtensionService#_doActivateExtension vscode.typescript-language-features {"startup":false,"activationEvent":"onLanguage:jsonc"}
[2018-12-03 16:16:23.078] [exthost1] [info] ExtensionService#loadCommonJSModule c:\Users\Bethel_laptop\.codemix\engine\resources\app\extensions\typescript-language-features\dist\extension
[2018-12-03 16:16:23.495] [exthost1] [info] ExtensionService#_doActivateExtension vscode.grunt {"startup":false,"activationEvent":"onCommand:workbench.action.tasks.runTask"}
[2018-12-03 16:16:23.495] [exthost1] [info] ExtensionService#loadCommonJSModule c:\Users\Bethel_laptop\.codemix\engine\resources\app\extensions\grunt\out\main
[2018-12-03 16:16:23.548] [exthost1] [info] ExtensionService#_doActivateExtension vscode.gulp {"startup":false,"activationEvent":"onCommand:workbench.action.tasks.runTask"}
[2018-12-03 16:16:23.548] [exthost1] [info] ExtensionService#loadCommonJSModule c:\Users\Bethel_laptop\.codemix\engine\resources\app\extensions\gulp\out\main
[2018-12-03 16:16:23.561] [exthost1] [info] ExtensionService#_doActivateExtension vscode.jake {"startup":false,"activationEvent":"onCommand:workbench.action.tasks.runTask"}
[2018-12-03 16:16:23.561] [exthost1] [info] ExtensionService#loadCommonJSModule c:\Users\Bethel_laptop\.codemix\engine\resources\app\extensions\jake\out\main
[2018-12-03 16:16:23.583] [exthost1] [info] ExtensionService#_doActivateExtension vscode.npm {"startup":false,"activationEvent":"onCommand:workbench.action.tasks.runTask"}
[2018-12-03 16:16:23.583] [exthost1] [info] ExtensionService#loadCommonJSModule c:\Users\Bethel_laptop\.codemix\engine\resources\app\extensions\npm\out\main
[2018-12-03 16:21:49.962] [exthost1] [info] extension host started
[2018-12-03 16:21:49.984] [exthost1] [info] ExtensionService#_doActivateExtension vscode.debug-auto-launch {"startup":true,"activationEvent":"*"}
[2018-12-03 16:21:49.984] [exthost1] [info] ExtensionService#loadCommonJSModule c:\Users\Bethel_laptop\.codemix\engine\resources\app\extensions\debug-auto-launch\out\extension
[2018-12-03 16:21:49.993] [exthost1] [info] ExtensionService#_doActivateExtension vscode.emmet {"startup":true,"activationEvent":"*"}
[2018-12-03 16:21:49.993] [exthost1] [info] ExtensionService#loadCommonJSModule c:\Users\Bethel_laptop\.codemix\engine\resources\app\extensions\emmet\dist\extension
[2018-12-03 16:21:50.028] [exthost1] [info] ExtensionService#_doActivateExtension vscode.merge-conflict {"startup":true,"activationEvent":"*"}
[2018-12-03 16:21:50.028] [exthost1] [info] ExtensionService#loadCommonJSModule c:\Users\Bethel_laptop\.codemix\engine\resources\app\extensions\merge-conflict\out\extension
[2018-12-03 16:21:50.048] [exthost1] [info] ExtensionService#_doActivateExtension vscode.search-rg {"startup":true,"activationEvent":"*"}
[2018-12-03 16:21:50.048] [exthost1] [info] ExtensionService#loadCommonJSModule c:\Users\Bethel_laptop\.codemix\engine\resources\app\extensions\search-rg\out\extension
[2018-12-03 16:21:50.060] [exthost1] [info] ExtensionService#_doActivateExtension christian-kohler.path-intellisense {"startup":true,"activationEvent":"*"}
[2018-12-03 16:21:50.060] [exthost1] [info] ExtensionService#loadCommonJSModule C:\Users\Bethel_laptop\.codemix\extensions\christian-kohler.path-intellisense-1.4.2\out\src\extension
[2018-12-03 16:21:50.080] [exthost1] [info] ExtensionService#_doActivateExtension dbaeumer.vscode-eslint {"startup":true,"activationEvent":"*"}
[2018-12-03 16:21:50.080] [exthost1] [info] ExtensionService#loadCommonJSModule C:\Users\Bethel_laptop\.codemix\extensions\dbaeumer.vscode-eslint-1.4.10\client\out\extension
[2018-12-03 16:21:50.151] [exthost1] [info] ExtensionService#_doActivateExtension formulahendry.auto-close-tag {"startup":true,"activationEvent":"*"}
[2018-12-03 16:21:50.151] [exthost1] [info] ExtensionService#loadCommonJSModule C:\Users\Bethel_laptop\.codemix\extensions\formulahendry.auto-close-tag-0.5.6\out\src\extension
[2018-12-03 16:21:50.152] [exthost1] [info] ExtensionService#_doActivateExtension HookyQR.beautify {"startup":true,"activationEvent":"*"}
[2018-12-03 16:21:50.152] [exthost1] [info] ExtensionService#loadCommonJSModule C:\Users\Bethel_laptop\.codemix\extensions\hookyqr.beautify-1.3.0\extension
[2018-12-03 16:21:50.199] [exthost1] [info] eager extensions activated
[2018-12-03 16:21:50.199] [exthost1] [info] ExtensionService#_doActivateExtension vscode.configuration-editing {"startup":false,"activationEvent":"onLanguage:jsonc"}
[2018-12-03 16:21:50.199] [exthost1] [info] ExtensionService#loadCommonJSModule c:\Users\Bethel_laptop\.codemix\engine\resources\app\extensions\configuration-editing\out\extension
[2018-12-03 16:21:50.212] [exthost1] [info] ExtensionService#_doActivateExtension vscode.json-language-features {"startup":false,"activationEvent":"onLanguage:jsonc"}
[2018-12-03 16:21:50.212] [exthost1] [info] ExtensionService#loadCommonJSModule c:\Users\Bethel_laptop\.codemix\engine\resources\app\extensions\json-language-features\client\dist\jsonMain
[2018-12-03 16:21:50.352] [exthost1] [info] ExtensionService#_doActivateExtension vscode.typescript-language-features {"startup":false,"activationEvent":"onLanguage:jsonc"}
[2018-12-03 16:21:50.352] [exthost1] [info] ExtensionService#loadCommonJSModule c:\Users\Bethel_laptop\.codemix\engine\resources\app\extensions\typescript-language-features\dist\extension
[2018-12-03 16:21:50.499] [exthost1] [info] ExtensionService#_doActivateExtension vscode.grunt {"startup":false,"activationEvent":"onCommand:workbench.action.tasks.runTask"}
[2018-12-03 16:21:50.499] [exthost1] [info] ExtensionService#loadCommonJSModule c:\Users\Bethel_laptop\.codemix\engine\resources\app\extensions\grunt\out\main
[2018-12-03 16:21:50.512] [exthost1] [info] ExtensionService#_doActivateExtension vscode.gulp {"startup":false,"activationEvent":"onCommand:workbench.action.tasks.runTask"}
[2018-12-03 16:21:50.512] [exthost1] [info] ExtensionService#loadCommonJSModule c:\Users\Bethel_laptop\.codemix\engine\resources\app\extensions\gulp\out\main
[2018-12-03 16:21:50.519] [exthost1] [info] ExtensionService#_doActivateExtension vscode.jake {"startup":false,"activationEvent":"onCommand:workbench.action.tasks.runTask"}
[2018-12-03 16:21:50.519] [exthost1] [info] ExtensionService#loadCommonJSModule c:\Users\Bethel_laptop\.codemix\engine\resources\app\extensions\jake\out\main
[2018-12-03 16:21:50.526] [exthost1] [info] ExtensionService#_doActivateExtension vscode.npm {"startup":false,"activationEvent":"onCommand:workbench.action.tasks.runTask"}
[2018-12-03 16:21:50.526] [exthost1] [info] ExtensionService#loadCommonJSModule c:\Users\Bethel_laptop\.codemix\engine\resources\app\extensions\npm\out\main
