[2018-12-05 14:43:34.148] [exthost1] [info] extension host started
[2018-12-05 14:43:34.249] [exthost1] [info] ExtensionService#_doActivateExtension vscode.debug-auto-launch {"startup":true,"activationEvent":"*"}
[2018-12-05 14:43:34.249] [exthost1] [info] ExtensionService#loadCommonJSModule c:\Users\Bethel_laptop\.codemix\engine\resources\app\extensions\debug-auto-launch\out\extension
[2018-12-05 14:43:34.328] [exthost1] [info] ExtensionService#_doActivateExtension vscode.emmet {"startup":true,"activationEvent":"*"}
[2018-12-05 14:43:34.328] [exthost1] [info] ExtensionService#loadCommonJSModule c:\Users\Bethel_laptop\.codemix\engine\resources\app\extensions\emmet\dist\extension
[2018-12-05 14:43:34.451] [exthost1] [info] ExtensionService#_doActivateExtension vscode.merge-conflict {"startup":true,"activationEvent":"*"}
[2018-12-05 14:43:34.451] [exthost1] [info] ExtensionService#loadCommonJSModule c:\Users\Bethel_laptop\.codemix\engine\resources\app\extensions\merge-conflict\out\extension
[2018-12-05 14:43:34.642] [exthost1] [info] ExtensionService#_doActivateExtension vscode.search-rg {"startup":true,"activationEvent":"*"}
[2018-12-05 14:43:34.642] [exthost1] [info] ExtensionService#loadCommonJSModule c:\Users\Bethel_laptop\.codemix\engine\resources\app\extensions\search-rg\out\extension
[2018-12-05 14:43:34.678] [exthost1] [info] ExtensionService#_doActivateExtension christian-kohler.path-intellisense {"startup":true,"activationEvent":"*"}
[2018-12-05 14:43:34.678] [exthost1] [info] ExtensionService#loadCommonJSModule C:\Users\Bethel_laptop\.codemix\extensions\christian-kohler.path-intellisense-1.4.2\out\src\extension
[2018-12-05 14:43:34.768] [exthost1] [info] ExtensionService#_doActivateExtension dbaeumer.vscode-eslint {"startup":true,"activationEvent":"*"}
[2018-12-05 14:43:34.768] [exthost1] [info] ExtensionService#loadCommonJSModule C:\Users\Bethel_laptop\.codemix\extensions\dbaeumer.vscode-eslint-1.4.10\client\out\extension
[2018-12-05 14:43:34.983] [exthost1] [info] ExtensionService#_doActivateExtension formulahendry.auto-close-tag {"startup":true,"activationEvent":"*"}
[2018-12-05 14:43:34.983] [exthost1] [info] ExtensionService#loadCommonJSModule C:\Users\Bethel_laptop\.codemix\extensions\formulahendry.auto-close-tag-0.5.6\out\src\extension
[2018-12-05 14:43:34.987] [exthost1] [info] ExtensionService#_doActivateExtension HookyQR.beautify {"startup":true,"activationEvent":"*"}
[2018-12-05 14:43:34.987] [exthost1] [info] ExtensionService#loadCommonJSModule C:\Users\Bethel_laptop\.codemix\extensions\hookyqr.beautify-1.3.0\extension
[2018-12-05 14:43:35.142] [exthost1] [info] eager extensions activated
[2018-12-05 14:43:35.459] [exthost1] [info] extension host started
[2018-12-05 14:43:35.533] [exthost1] [info] ExtensionService#_doActivateExtension vscode.debug-auto-launch {"startup":true,"activationEvent":"*"}
[2018-12-05 14:43:35.534] [exthost1] [info] ExtensionService#loadCommonJSModule c:\Users\Bethel_laptop\.codemix\engine\resources\app\extensions\debug-auto-launch\out\extension
[2018-12-05 14:43:35.577] [exthost1] [info] ExtensionService#_doActivateExtension vscode.emmet {"startup":true,"activationEvent":"*"}
[2018-12-05 14:43:35.577] [exthost1] [info] ExtensionService#loadCommonJSModule c:\Users\Bethel_laptop\.codemix\engine\resources\app\extensions\emmet\dist\extension
[2018-12-05 14:43:35.674] [exthost1] [info] ExtensionService#_doActivateExtension vscode.merge-conflict {"startup":true,"activationEvent":"*"}
[2018-12-05 14:43:35.674] [exthost1] [info] ExtensionService#loadCommonJSModule c:\Users\Bethel_laptop\.codemix\engine\resources\app\extensions\merge-conflict\out\extension
[2018-12-05 14:43:35.720] [exthost1] [info] ExtensionService#_doActivateExtension vscode.search-rg {"startup":true,"activationEvent":"*"}
[2018-12-05 14:43:35.721] [exthost1] [info] ExtensionService#loadCommonJSModule c:\Users\Bethel_laptop\.codemix\engine\resources\app\extensions\search-rg\out\extension
[2018-12-05 14:43:35.740] [exthost1] [info] ExtensionService#_doActivateExtension christian-kohler.path-intellisense {"startup":true,"activationEvent":"*"}
[2018-12-05 14:43:35.740] [exthost1] [info] ExtensionService#loadCommonJSModule C:\Users\Bethel_laptop\.codemix\extensions\christian-kohler.path-intellisense-1.4.2\out\src\extension
[2018-12-05 14:43:35.774] [exthost1] [info] ExtensionService#_doActivateExtension dbaeumer.vscode-eslint {"startup":true,"activationEvent":"*"}
[2018-12-05 14:43:35.774] [exthost1] [info] ExtensionService#loadCommonJSModule C:\Users\Bethel_laptop\.codemix\extensions\dbaeumer.vscode-eslint-1.4.10\client\out\extension
[2018-12-05 14:43:36.022] [exthost1] [info] ExtensionService#_doActivateExtension formulahendry.auto-close-tag {"startup":true,"activationEvent":"*"}
[2018-12-05 14:43:36.022] [exthost1] [info] ExtensionService#loadCommonJSModule C:\Users\Bethel_laptop\.codemix\extensions\formulahendry.auto-close-tag-0.5.6\out\src\extension
[2018-12-05 14:43:36.026] [exthost1] [info] ExtensionService#_doActivateExtension HookyQR.beautify {"startup":true,"activationEvent":"*"}
[2018-12-05 14:43:36.026] [exthost1] [info] ExtensionService#loadCommonJSModule C:\Users\Bethel_laptop\.codemix\extensions\hookyqr.beautify-1.3.0\extension
[2018-12-05 14:43:36.189] [exthost1] [info] eager extensions activated
[2018-12-05 14:43:36.189] [exthost1] [info] ExtensionService#_doActivateExtension vscode.configuration-editing {"startup":false,"activationEvent":"onLanguage:jsonc"}
[2018-12-05 14:43:36.189] [exthost1] [info] ExtensionService#loadCommonJSModule c:\Users\Bethel_laptop\.codemix\engine\resources\app\extensions\configuration-editing\out\extension
[2018-12-05 14:43:36.215] [exthost1] [info] ExtensionService#_doActivateExtension vscode.json-language-features {"startup":false,"activationEvent":"onLanguage:jsonc"}
[2018-12-05 14:43:36.215] [exthost1] [info] ExtensionService#loadCommonJSModule c:\Users\Bethel_laptop\.codemix\engine\resources\app\extensions\json-language-features\client\dist\jsonMain
[2018-12-05 14:43:36.682] [exthost1] [info] ExtensionService#_doActivateExtension vscode.typescript-language-features {"startup":false,"activationEvent":"onLanguage:jsonc"}
[2018-12-05 14:43:36.682] [exthost1] [info] ExtensionService#loadCommonJSModule c:\Users\Bethel_laptop\.codemix\engine\resources\app\extensions\typescript-language-features\dist\extension
[2018-12-05 14:43:36.905] [exthost1] [info] ExtensionService#_doActivateExtension vscode.grunt {"startup":false,"activationEvent":"onCommand:workbench.action.tasks.runTask"}
[2018-12-05 14:43:36.905] [exthost1] [info] ExtensionService#loadCommonJSModule c:\Users\Bethel_laptop\.codemix\engine\resources\app\extensions\grunt\out\main
[2018-12-05 14:43:36.918] [exthost1] [info] ExtensionService#_doActivateExtension vscode.gulp {"startup":false,"activationEvent":"onCommand:workbench.action.tasks.runTask"}
[2018-12-05 14:43:36.918] [exthost1] [info] ExtensionService#loadCommonJSModule c:\Users\Bethel_laptop\.codemix\engine\resources\app\extensions\gulp\out\main
[2018-12-05 14:43:36.925] [exthost1] [info] ExtensionService#_doActivateExtension vscode.jake {"startup":false,"activationEvent":"onCommand:workbench.action.tasks.runTask"}
[2018-12-05 14:43:36.925] [exthost1] [info] ExtensionService#loadCommonJSModule c:\Users\Bethel_laptop\.codemix\engine\resources\app\extensions\jake\out\main
[2018-12-05 14:43:36.936] [exthost1] [info] ExtensionService#_doActivateExtension vscode.npm {"startup":false,"activationEvent":"onCommand:workbench.action.tasks.runTask"}
[2018-12-05 14:43:36.936] [exthost1] [info] ExtensionService#loadCommonJSModule c:\Users\Bethel_laptop\.codemix\engine\resources\app\extensions\npm\out\main
